{"/home/alex/Documents/Trabajo/Microverse/Module2/JS_Capstone/src/count.js": {"path":"/home/alex/Documents/Trabajo/Microverse/Module2/JS_Capstone/src/count.js","statementMap":{"0":{"start":{"line":2,"column":16},"end":{"line":2,"column":64}},"1":{"start":{"line":3,"column":2},"end":{"line":3,"column":24}}},"fnMap":{"0":{"name":"count","decl":{"start":{"line":1,"column":24},"end":{"line":1,"column":29}},"loc":{"start":{"line":1,"column":32},"end":{"line":4,"column":1}},"line":1}},"branchMap":{},"s":{"0":1,"1":1},"f":{"0":1},"b":{},"_coverageSchema":"1a1c01bbd47fc00a2c39e90264f33305004495a9","hash":"54f15cb95c7fc76b9b2b3d6acf3eb8710c65f648"}
}
